{
  "uid" : "9c7636ddf1b35fc4",
  "name" : "test_search_endpoint",
  "fullName" : "Tests.test_search_endpoint.Test_CompanyOverview#test_search_endpoint",
  "historyId" : "97c45f1a6a19733b4c15331cb45bf6bd",
  "time" : {
    "start" : 1611670574905,
    "stop" : 1611670575983,
    "duration" : 1078
  },
  "status" : "passed",
  "flaky" : false,
  "newFailed" : false,
  "beforeStages" : [ {
    "name" : "unittest_setUpClass_fixture_Test_CompanyOverview",
    "time" : {
      "start" : 1611670574904,
      "stop" : 1611670574904,
      "duration" : 0
    },
    "status" : "passed",
    "steps" : [ ],
    "attachments" : [ ],
    "parameters" : [ ],
    "stepsCount" : 0,
    "attachmentsCount" : 0,
    "shouldDisplayMessage" : false,
    "hasContent" : false
  } ],
  "testStage" : {
    "status" : "passed",
    "steps" : [ ],
    "attachments" : [ {
      "uid" : "eb1fd198d2366385",
      "name" : "log",
      "source" : "eb1fd198d2366385.txt",
      "type" : "text/plain",
      "size" : 4188
    } ],
    "parameters" : [ ],
    "stepsCount" : 0,
    "attachmentsCount" : 1,
    "shouldDisplayMessage" : false,
    "hasContent" : true
  },
  "afterStages" : [ {
    "name" : "unittest_setUpClass_fixture_Test_CompanyOverview::0",
    "time" : {
      "start" : 1611670579561,
      "stop" : 1611670579561,
      "duration" : 0
    },
    "status" : "passed",
    "steps" : [ ],
    "attachments" : [ ],
    "parameters" : [ ],
    "stepsCount" : 0,
    "attachmentsCount" : 0,
    "shouldDisplayMessage" : false,
    "hasContent" : false
  } ],
  "labels" : [ {
    "name" : "tag",
    "value" : "@pytest.mark.skipif(False, reason='skipping because flag is set to false in excel')"
  }, {
    "name" : "parentSuite",
    "value" : "Tests"
  }, {
    "name" : "suite",
    "value" : "test_search_endpoint"
  }, {
    "name" : "subSuite",
    "value" : "Test_CompanyOverview"
  }, {
    "name" : "host",
    "value" : "san-ThinkPad-T480"
  }, {
    "name" : "thread",
    "value" : "291636-MainThread"
  }, {
    "name" : "framework",
    "value" : "pytest"
  }, {
    "name" : "language",
    "value" : "cpython3"
  }, {
    "name" : "package",
    "value" : "Tests.test_search_endpoint"
  }, {
    "name" : "resultFormat",
    "value" : "allure2"
  } ],
  "parameters" : [ ],
  "links" : [ ],
  "hidden" : false,
  "retry" : false,
  "extra" : {
    "severity" : "normal",
    "retries" : [ {
      "uid" : "a7fb1cf1925fb222",
      "status" : "broken",
      "statusDetails" : "requests.exceptions.ConnectionError: HTTPSConnectionPool(host='www.alphavantage.co', port=443): Max retries exceeded with url: /query?function=SYMBOL_SEARCH&keywords=IBM&apikey=0S5QXIPXLA3EYXH5 (Caused by NewConnectionError('<urllib3.connection.VerifiedHTTPSConnection object at 0x7f7c3b584040>: Failed to establish a new connection: [Errno -3] Temporary failure in name resolution'))",
      "time" : {
        "start" : 1611670552847,
        "stop" : 1611670552850,
        "duration" : 3
      }
    }, {
      "uid" : "113ac699f3737eed",
      "status" : "passed",
      "time" : {
        "start" : 1611669029253,
        "stop" : 1611669030368,
        "duration" : 1115
      }
    }, {
      "uid" : "21b046362980386e",
      "status" : "passed",
      "time" : {
        "start" : 1611668900433,
        "stop" : 1611668900825,
        "duration" : 392
      }
    }, {
      "uid" : "e24da007c2bdda11",
      "status" : "passed",
      "time" : {
        "start" : 1611668787377,
        "stop" : 1611668792988,
        "duration" : 5611
      }
    }, {
      "uid" : "9587fa7f68847ad6",
      "status" : "passed",
      "time" : {
        "start" : 1611645970754,
        "stop" : 1611645971168,
        "duration" : 414
      }
    }, {
      "uid" : "5a29abc358d08c95",
      "status" : "passed",
      "time" : {
        "start" : 1611645753662,
        "stop" : 1611645754043,
        "duration" : 381
      }
    }, {
      "uid" : "f773fbf61ae49031",
      "status" : "passed",
      "time" : {
        "start" : 1611645677793,
        "stop" : 1611645678914,
        "duration" : 1121
      }
    }, {
      "uid" : "aef4b081110ceac2",
      "status" : "passed",
      "time" : {
        "start" : 1611645619217,
        "stop" : 1611645619728,
        "duration" : 511
      }
    }, {
      "uid" : "6570a48d00aeaf45",
      "status" : "passed",
      "time" : {
        "start" : 1611645394909,
        "stop" : 1611645396236,
        "duration" : 1327
      }
    }, {
      "uid" : "a2bd4467ab4e46ea",
      "status" : "passed",
      "time" : {
        "start" : 1611603931092,
        "stop" : 1611603932523,
        "duration" : 1431
      }
    }, {
      "uid" : "4a2a152749c49c2b",
      "status" : "passed",
      "time" : {
        "start" : 1611602502450,
        "stop" : 1611602503599,
        "duration" : 1149
      }
    }, {
      "uid" : "e8516c6d636efd5c",
      "status" : "passed",
      "time" : {
        "start" : 1611599803390,
        "stop" : 1611599804501,
        "duration" : 1111
      }
    }, {
      "uid" : "49890747d3746166",
      "status" : "passed",
      "time" : {
        "start" : 1611599609692,
        "stop" : 1611599610854,
        "duration" : 1162
      }
    }, {
      "uid" : "21b2ed5b83e0551d",
      "status" : "failed",
      "statusDetails" : "AssertionError: ++++ soft assert failure details follow below ++++\n\n++++++++++++++++++++++++++++++++++++++++++++++++++++++++++++++++++++++\nThe following failure was found in \"test_search_endpoint\" (test_search_endpoint.Test_CompanyOverview):\n+----------------------+----------------------+----------------------+\nTraceback (most recent call last):\n  File \"/home/san/PycharmProjects/pythonTestProject/Tests/test_search_endpoint.py\", line 34, in test_search_endpoint\n    self.soft_assert(self.assertTrue, \"IBM\" not in response_json['bestMatches'][0][\"1. symbol\"] ,\n  File \"/home/san/.local/lib/python3.8/site-packages/softest/case.py\", line 62, in soft_assert\n    assert_method(*arguments, **keywords)\n  File \"/usr/lib/python3.8/unittest/case.py\", line 765, in assertTrue\n    raise self.failureException(msg)\nAssertionError: False is not true : Expected symbol is IBM but found IBM\n\n-+ [1/1] +-",
      "time" : {
        "start" : 1611599472472,
        "stop" : 1611599473593,
        "duration" : 1121
      }
    }, {
      "uid" : "652e7988c99aecb1",
      "status" : "broken",
      "statusDetails" : "KeyError: 'Symbol'",
      "time" : {
        "start" : 1611599343658,
        "stop" : 1611599344811,
        "duration" : 1153
      }
    } ],
    "categories" : [ ],
    "tags" : [ "@pytest.mark.skipif(False, reason='skipping because flag is set to false in excel')" ]
  },
  "source" : "9c7636ddf1b35fc4.json",
  "parameterValues" : [ ]
}