{
  "uid" : "9fad79e0f790e602",
  "name" : "test_search_endpoint",
  "fullName" : "Tests.test_search_endpoint.Test_CompanyOverview#test_search_endpoint",
  "historyId" : "97c45f1a6a19733b4c15331cb45bf6bd",
  "time" : {
    "start" : 1611599803390,
    "stop" : 1611599804501,
    "duration" : 1111
  },
  "status" : "passed",
  "flaky" : false,
  "newFailed" : false,
  "beforeStages" : [ {
    "name" : "unittest_setUpClass_fixture_Test_CompanyOverview",
    "time" : {
      "start" : 1611599803389,
      "stop" : 1611599803389,
      "duration" : 0
    },
    "status" : "passed",
    "steps" : [ ],
    "attachments" : [ ],
    "parameters" : [ ],
    "stepsCount" : 0,
    "attachmentsCount" : 0,
    "shouldDisplayMessage" : false,
    "hasContent" : false
  } ],
  "testStage" : {
    "status" : "passed",
    "steps" : [ ],
    "attachments" : [ {
      "uid" : "cda7b995d167c6fe",
      "name" : "log",
      "source" : "cda7b995d167c6fe.txt",
      "type" : "text/plain",
      "size" : 4038
    } ],
    "parameters" : [ ],
    "stepsCount" : 0,
    "attachmentsCount" : 1,
    "shouldDisplayMessage" : false,
    "hasContent" : true
  },
  "afterStages" : [ {
    "name" : "unittest_setUpClass_fixture_Test_CompanyOverview::0",
    "time" : {
      "start" : 1611599808081,
      "stop" : 1611599808081,
      "duration" : 0
    },
    "status" : "passed",
    "steps" : [ ],
    "attachments" : [ ],
    "parameters" : [ ],
    "stepsCount" : 0,
    "attachmentsCount" : 0,
    "shouldDisplayMessage" : false,
    "hasContent" : false
  } ],
  "labels" : [ {
    "name" : "parentSuite",
    "value" : "Tests"
  }, {
    "name" : "suite",
    "value" : "test_search_endpoint"
  }, {
    "name" : "subSuite",
    "value" : "Test_CompanyOverview"
  }, {
    "name" : "host",
    "value" : "san-ThinkPad-T480"
  }, {
    "name" : "thread",
    "value" : "227776-MainThread"
  }, {
    "name" : "framework",
    "value" : "pytest"
  }, {
    "name" : "language",
    "value" : "cpython3"
  }, {
    "name" : "package",
    "value" : "Tests.test_search_endpoint"
  }, {
    "name" : "resultFormat",
    "value" : "allure2"
  } ],
  "parameters" : [ ],
  "links" : [ ],
  "hidden" : false,
  "retry" : false,
  "extra" : {
    "severity" : "normal",
    "retries" : [ {
      "uid" : "87a6735202735e49",
      "status" : "passed",
      "time" : {
        "start" : 1611599609692,
        "stop" : 1611599610854,
        "duration" : 1162
      }
    }, {
      "uid" : "54987b589bfcba4c",
      "status" : "failed",
      "statusDetails" : "AssertionError: ++++ soft assert failure details follow below ++++\n\n++++++++++++++++++++++++++++++++++++++++++++++++++++++++++++++++++++++\nThe following failure was found in \"test_search_endpoint\" (test_search_endpoint.Test_CompanyOverview):\n+----------------------+----------------------+----------------------+\nTraceback (most recent call last):\n  File \"/home/san/PycharmProjects/pythonTestProject/Tests/test_search_endpoint.py\", line 34, in test_search_endpoint\n    self.soft_assert(self.assertTrue, \"IBM\" not in response_json['bestMatches'][0][\"1. symbol\"] ,\n  File \"/home/san/.local/lib/python3.8/site-packages/softest/case.py\", line 62, in soft_assert\n    assert_method(*arguments, **keywords)\n  File \"/usr/lib/python3.8/unittest/case.py\", line 765, in assertTrue\n    raise self.failureException(msg)\nAssertionError: False is not true : Expected symbol is IBM but found IBM\n\n-+ [1/1] +-",
      "time" : {
        "start" : 1611599472472,
        "stop" : 1611599473593,
        "duration" : 1121
      }
    }, {
      "uid" : "bfbc697f165185dd",
      "status" : "broken",
      "statusDetails" : "KeyError: 'Symbol'",
      "time" : {
        "start" : 1611599343658,
        "stop" : 1611599344811,
        "duration" : 1153
      }
    } ],
    "categories" : [ ],
    "tags" : [ ]
  },
  "source" : "9fad79e0f790e602.json",
  "parameterValues" : [ ]
}